<?xml version="1.0" encoding="UTF-8"?>
<!-- Generated by org.testng.reporters.JUnitXMLReporter -->
<testsuite ignored="0" hostname="VijayDeep" failures="0" tests="3" name="Default test" time="37.212" errors="0" timestamp="2024-12-20T23:58:05 IST">
  <testcase classname="AutomationFramework.tests.submitOrderTest" name="submitOrder" time="4.431"/>
  <testcase classname="AutomationFramework.tests.submitOrderTest" name="submitOrder" time="4.344"/>
  <testcase classname="AutomationFramework.tests.submitOrderTest" name="orderHistoryTest" time="1.809"/>
</testsuite> <!-- Default test -->
