<?xml version="1.0" encoding="UTF-8"?>
<!-- Generated by org.testng.reporters.JUnitXMLReporter -->
<testsuite ignored="0" hostname="VijayDeep" failures="1" tests="2" name="Error Validation Test" time="29.408" errors="0" timestamp="2024-12-21T23:04:04 IST">
  <testcase classname="AutomationFramework.tests.ErrorValidation" name="verifyUserName" time="0.984"/>
  <testcase classname="AutomationFramework.tests.ErrorValidation" name="verifyUserpassword" time="1.016">
    <failure type="java.lang.AssertionError" message="expected [Incorrect email or password.] but found [Incorrect email password.]">
      <![CDATA[java.lang.AssertionError: expected [Incorrect email or password.] but found [Incorrect email password.]
at AutomationFramework.tests.ErrorValidation.verifyUserpassword(ErrorValidation.java:25)
at java.base/java.util.ArrayList.forEach(ArrayList.java:1596)
at java.base/java.util.concurrent.FutureTask.run(FutureTask.java:317)
at java.base/java.util.concurrent.ThreadPoolExecutor.runWorker(ThreadPoolExecutor.java:1144)
at java.base/java.util.concurrent.ThreadPoolExecutor$Worker.run(ThreadPoolExecutor.java:642)
at java.base/java.lang.Thread.run(Thread.java:1583)
... Removed 21 stack frames]]>
    </failure>
  </testcase> <!-- verifyUserpassword -->
</testsuite> <!-- Error Validation Test -->
