<?xml version="1.0" encoding="UTF-8"?>
<!-- Generated by org.testng.reporters.JUnitXMLReporter -->
<testsuite ignored="0" hostname="VijayDeep" failures="0" tests="4" name="Submit Order Test" time="67.948" errors="0" timestamp="2024-12-21T23:04:41 IST">
  <testcase classname="AutomationFramework.tests.submitOrderTest" name="submitOrder" time="3.377">
    <skipped/>
  </testcase> <!-- submitOrder -->
  <testcase classname="AutomationFramework.tests.submitOrderTest" name="submitOrder" time="5.12"/>
  <testcase classname="AutomationFramework.tests.submitOrderTest" name="submitOrder" time="3.998"/>
  <testcase classname="AutomationFramework.tests.submitOrderTest" name="orderHistoryTest" time="2.05"/>
</testsuite> <!-- Submit Order Test -->
