<?xml version="1.0" encoding="UTF-8"?>
<!-- Generated by org.testng.reporters.JUnitXMLReporter -->
<testsuite ignored="0" hostname="VijayDeep" failures="0" tests="2" name="Error Validation Test" time="24.603" errors="0" timestamp="2024-12-24T10:51:14 IST">
  <testcase classname="AutomationFramework.tests.ErrorValidation" name="verifyUserName" time="0.48"/>
  <testcase classname="AutomationFramework.tests.ErrorValidation" name="verifyUserpassword" time="0.53"/>
</testsuite> <!-- Error Validation Test -->
