<?xml version="1.0" encoding="UTF-8"?>
<!-- Generated by org.testng.reporters.JUnitXMLReporter -->
<testsuite ignored="0" hostname="VijayDeep" failures="0" tests="4" name="Submit Order Test" time="54.639" errors="0" timestamp="2024-12-24T10:51:43 IST">
  <testcase classname="AutomationFramework.tests.submitOrderTest" name="submitOrder" time="3.298">
    <skipped/>
  </testcase> <!-- submitOrder -->
  <testcase classname="AutomationFramework.tests.submitOrderTest" name="submitOrder" time="4.382"/>
  <testcase classname="AutomationFramework.tests.submitOrderTest" name="submitOrder" time="3.384"/>
  <testcase classname="AutomationFramework.tests.submitOrderTest" name="orderHistoryTest" time="0.745"/>
</testsuite> <!-- Submit Order Test -->
