<?xml version="1.0" encoding="UTF-8"?>
<testng-results retried="1" ignored="1" total="7" passed="5" failed="0" skipped="0">
  <reporter-output>
  </reporter-output>
  <suite started-at="2024-12-24T10:50:49 IST" name="Suite" finished-at="2024-12-24T10:51:43 IST" duration-ms="54639">
    <groups>
      <group name="ErrorHandling">
        <method signature="ErrorValidation.verifyUserName()[pri:0, instance:AutomationFramework.tests.ErrorValidation@16ce702d]" name="verifyUserName" class="AutomationFramework.tests.ErrorValidation"/>
        <method signature="ErrorValidation.verifyUserpassword()[pri:0, instance:AutomationFramework.tests.ErrorValidation@16ce702d]" name="verifyUserpassword" class="AutomationFramework.tests.ErrorValidation"/>
      </group> <!-- ErrorHandling -->
      <group name="Purchase">
        <method signature="submitOrderTest.submitOrder(java.util.HashMap)[pri:0, instance:AutomationFramework.tests.submitOrderTest@4b23c30a]" name="submitOrder" class="AutomationFramework.tests.submitOrderTest"/>
      </group> <!-- Purchase -->
    </groups>
    <test started-at="2024-12-24T10:50:49 IST" name="Error Validation Test" finished-at="2024-12-24T10:51:13 IST" duration-ms="24603">
      <class name="AutomationFramework.tests.ErrorValidation">
        <test-method is-config="true" signature="launchApplication()[pri:0, instance:AutomationFramework.tests.ErrorValidation@16ce702d]" started-at="2024-12-24T10:50:49 IST" name="launchApplication" finished-at="2024-12-24T10:51:01 IST" duration-ms="12152" status="PASS">
          <reporter-output>
          </reporter-output>
        </test-method> <!-- launchApplication -->
        <test-method signature="verifyUserName()[pri:0, instance:AutomationFramework.tests.ErrorValidation@16ce702d]" started-at="2024-12-24T10:51:01 IST" name="verifyUserName" finished-at="2024-12-24T10:51:01 IST" duration-ms="480" status="PASS">
          <reporter-output>
          </reporter-output>
        </test-method> <!-- verifyUserName -->
        <test-method is-config="true" signature="tearDown()[pri:0, instance:AutomationFramework.tests.ErrorValidation@16ce702d]" started-at="2024-12-24T10:51:01 IST" name="tearDown" finished-at="2024-12-24T10:51:04 IST" duration-ms="2298" status="PASS">
          <reporter-output>
          </reporter-output>
        </test-method> <!-- tearDown -->
        <test-method is-config="true" signature="launchApplication()[pri:0, instance:AutomationFramework.tests.ErrorValidation@16ce702d]" started-at="2024-12-24T10:51:04 IST" name="launchApplication" finished-at="2024-12-24T10:51:13 IST" duration-ms="8744" status="PASS">
          <reporter-output>
          </reporter-output>
        </test-method> <!-- launchApplication -->
        <test-method signature="verifyUserpassword()[pri:0, instance:AutomationFramework.tests.ErrorValidation@16ce702d]" started-at="2024-12-24T10:51:13 IST" name="verifyUserpassword" finished-at="2024-12-24T10:51:13 IST" duration-ms="530" status="PASS">
          <reporter-output>
          </reporter-output>
        </test-method> <!-- verifyUserpassword -->
        <test-method is-config="true" signature="tearDown()[pri:0, instance:AutomationFramework.tests.ErrorValidation@16ce702d]" started-at="2024-12-24T10:51:13 IST" name="tearDown" finished-at="2024-12-24T10:51:13 IST" duration-ms="312" status="PASS">
          <reporter-output>
          </reporter-output>
        </test-method> <!-- tearDown -->
      </class> <!-- AutomationFramework.tests.ErrorValidation -->
    </test> <!-- Error Validation Test -->
    <test started-at="2024-12-24T10:50:49 IST" name="Submit Order Test" finished-at="2024-12-24T10:51:43 IST" duration-ms="54639">
      <class name="AutomationFramework.tests.submitOrderTest">
        <test-method is-config="true" signature="launchApplication()[pri:0, instance:AutomationFramework.tests.submitOrderTest@4b23c30a]" started-at="2024-12-24T10:50:49 IST" name="launchApplication" finished-at="2024-12-24T10:51:01 IST" duration-ms="12398" status="PASS">
          <reporter-output>
          </reporter-output>
        </test-method> <!-- launchApplication -->
        <test-method retried="true" signature="submitOrder(java.util.HashMap)[pri:0, instance:AutomationFramework.tests.submitOrderTest@4b23c30a]" started-at="2024-12-24T10:51:01 IST" name="submitOrder" data-provider="getData" finished-at="2024-12-24T10:51:05 IST" duration-ms="3298" status="SKIP">
          <params>
            <param index="0">
              <value>
                <![CDATA[{password=Vikas@98, product=ZARA COAT 3, email=vikassikarwar427@gmail.com}]]>
              </value>
            </param>
          </params>
          <exception class="org.openqa.selenium.ElementClickInterceptedException">
            <message>
              <![CDATA[element click intercepted: Element <button _ngcontent-kdr-c33="" routerlink="/dashboard/cart" class="btn btn-custom" style="margin-top: -10px;" tabindex="0">...</button> is not clickable at point (1142, 27). Other element would receive the click: <div _ngcontent-kdr-c31="" class="ngx-spinner-overlay ng-tns-c31-1 ng-trigger ng-trigger-fadeIn ng-star-inserted ng-animating" style="background-color: rgba(51, 51, 51, 0.8); z-index: 99999; position: fixed;">...</div>
  (Session info: chrome=131.0.6778.205)
Build info: version: '4.27.0', revision: 'd6e718d134'
System info: os.name: 'Windows 10', os.arch: 'amd64', os.version: '10.0', java.version: '11.0.0.2'
Driver info: org.openqa.selenium.chrome.ChromeDriver
Command: [fd7475740bae932e1695d7e6b0a95aae, clickElement {id=f.FBBAA61F190E541B82800156567BC4EC.d.7134C82457EE6CB4C7FCD64895A2ACEA.e.85}]
Capabilities {acceptInsecureCerts: false, browserName: chrome, browserVersion: 131.0.6778.205, chrome: {chromedriverVersion: 131.0.6778.204 (52183f9e99a..., userDataDir: C:\Users\VIJAYD~1\AppData\L...}, fedcm:accounts: true, goog:chromeOptions: {debuggerAddress: localhost:58176}, networkConnectionEnabled: false, pageLoadStrategy: normal, platformName: windows, proxy: Proxy(), se:cdp: ws://localhost:58176/devtoo..., se:cdpVersion: 131.0.6778.205, setWindowRect: true, strictFileInteractability: false, timeouts: {implicit: 0, pageLoad: 300000, script: 30000}, unhandledPromptBehavior: dismiss and notify, webauthn:extension:credBlob: true, webauthn:extension:largeBlob: true, webauthn:extension:minPinLength: true, webauthn:extension:prf: true, webauthn:virtualAuthenticators: true}
Element: [[ChromeDriver: chrome on windows (fd7475740bae932e1695d7e6b0a95aae)] -> css selector: [routerlink*= 'cart']]
Session ID: fd7475740bae932e1695d7e6b0a95aae]]>
            </message>
            <full-stacktrace>
              <![CDATA[org.openqa.selenium.ElementClickInterceptedException: element click intercepted: Element <button _ngcontent-kdr-c33="" routerlink="/dashboard/cart" class="btn btn-custom" style="margin-top: -10px;" tabindex="0">...</button> is not clickable at point (1142, 27). Other element would receive the click: <div _ngcontent-kdr-c31="" class="ngx-spinner-overlay ng-tns-c31-1 ng-trigger ng-trigger-fadeIn ng-star-inserted ng-animating" style="background-color: rgba(51, 51, 51, 0.8); z-index: 99999; position: fixed;">...</div>
  (Session info: chrome=131.0.6778.205)
Build info: version: '4.27.0', revision: 'd6e718d134'
System info: os.name: 'Windows 10', os.arch: 'amd64', os.version: '10.0', java.version: '11.0.0.2'
Driver info: org.openqa.selenium.chrome.ChromeDriver
Command: [fd7475740bae932e1695d7e6b0a95aae, clickElement {id=f.FBBAA61F190E541B82800156567BC4EC.d.7134C82457EE6CB4C7FCD64895A2ACEA.e.85}]
Capabilities {acceptInsecureCerts: false, browserName: chrome, browserVersion: 131.0.6778.205, chrome: {chromedriverVersion: 131.0.6778.204 (52183f9e99a..., userDataDir: C:\Users\VIJAYD~1\AppData\L...}, fedcm:accounts: true, goog:chromeOptions: {debuggerAddress: localhost:58176}, networkConnectionEnabled: false, pageLoadStrategy: normal, platformName: windows, proxy: Proxy(), se:cdp: ws://localhost:58176/devtoo..., se:cdpVersion: 131.0.6778.205, setWindowRect: true, strictFileInteractability: false, timeouts: {implicit: 0, pageLoad: 300000, script: 30000}, unhandledPromptBehavior: dismiss and notify, webauthn:extension:credBlob: true, webauthn:extension:largeBlob: true, webauthn:extension:minPinLength: true, webauthn:extension:prf: true, webauthn:virtualAuthenticators: true}
Element: [[ChromeDriver: chrome on windows (fd7475740bae932e1695d7e6b0a95aae)] -> css selector: [routerlink*= 'cart']]
Session ID: fd7475740bae932e1695d7e6b0a95aae
at java.base/jdk.internal.reflect.NativeConstructorAccessorImpl.newInstance0(Native Method)
at java.base/jdk.internal.reflect.NativeConstructorAccessorImpl.newInstance(NativeConstructorAccessorImpl.java:62)
at java.base/jdk.internal.reflect.DelegatingConstructorAccessorImpl.newInstance(DelegatingConstructorAccessorImpl.java:45)
at java.base/java.lang.reflect.Constructor.newInstance(Constructor.java:490)
at org.openqa.selenium.remote.ErrorCodec.decode(ErrorCodec.java:167)
at org.openqa.selenium.remote.codec.w3c.W3CHttpResponseCodec.decode(W3CHttpResponseCodec.java:138)
at org.openqa.selenium.remote.codec.w3c.W3CHttpResponseCodec.decode(W3CHttpResponseCodec.java:50)
at org.openqa.selenium.remote.HttpCommandExecutor.execute(HttpCommandExecutor.java:190)
at org.openqa.selenium.remote.service.DriverCommandExecutor.invokeExecute(DriverCommandExecutor.java:216)
at org.openqa.selenium.remote.service.DriverCommandExecutor.execute(DriverCommandExecutor.java:174)
at org.openqa.selenium.remote.RemoteWebDriver.execute(RemoteWebDriver.java:545)
at org.openqa.selenium.remote.RemoteWebElement.execute(RemoteWebElement.java:223)
at org.openqa.selenium.remote.RemoteWebElement.click(RemoteWebElement.java:76)
at java.base/jdk.internal.reflect.NativeMethodAccessorImpl.invoke0(Native Method)
at java.base/jdk.internal.reflect.NativeMethodAccessorImpl.invoke(NativeMethodAccessorImpl.java:62)
at java.base/jdk.internal.reflect.DelegatingMethodAccessorImpl.invoke(DelegatingMethodAccessorImpl.java:43)
at java.base/java.lang.reflect.Method.invoke(Method.java:566)
at org.openqa.selenium.support.pagefactory.internal.LocatingElementHandler.invoke(LocatingElementHandler.java:51)
at com.sun.proxy.$Proxy13.click(Unknown Source)
at AutomationFramework.AbstractComponents.AbstractComponent.goToCart(AbstractComponent.java:34)
at AutomationFramework.tests.submitOrderTest.submitOrder(submitOrderTest.java:39)
at java.base/jdk.internal.reflect.NativeMethodAccessorImpl.invoke0(Native Method)
at java.base/jdk.internal.reflect.NativeMethodAccessorImpl.invoke(NativeMethodAccessorImpl.java:62)
at java.base/jdk.internal.reflect.DelegatingMethodAccessorImpl.invoke(DelegatingMethodAccessorImpl.java:43)
at java.base/java.lang.reflect.Method.invoke(Method.java:566)
at org.testng.internal.invokers.MethodInvocationHelper.invokeMethod(MethodInvocationHelper.java:141)
at org.testng.internal.invokers.TestInvoker.invokeMethod(TestInvoker.java:686)
at org.testng.internal.invokers.TestInvoker.invokeTestMethod(TestInvoker.java:230)
at org.testng.internal.invokers.MethodRunner.runInSequence(MethodRunner.java:63)
at org.testng.internal.invokers.TestInvoker$MethodInvocationAgent.invoke(TestInvoker.java:992)
at org.testng.internal.invokers.TestInvoker.invokeTestMethods(TestInvoker.java:203)
at org.testng.internal.invokers.TestMethodWorker.invokeTestMethods(TestMethodWorker.java:154)
at org.testng.internal.invokers.TestMethodWorker.run(TestMethodWorker.java:134)
at java.base/java.util.ArrayList.forEach(ArrayList.java:1540)
at org.testng.TestRunner.privateRun(TestRunner.java:739)
at org.testng.TestRunner.run(TestRunner.java:614)
at org.testng.SuiteRunner.runTest(SuiteRunner.java:421)
at org.testng.SuiteRunner$SuiteWorker.run(SuiteRunner.java:463)
at org.testng.internal.thread.ThreadUtil.lambda$execute$0(ThreadUtil.java:64)
at java.base/java.util.concurrent.FutureTask.run(FutureTask.java:264)
at java.base/java.util.concurrent.ThreadPoolExecutor.runWorker(ThreadPoolExecutor.java:1128)
at java.base/java.util.concurrent.ThreadPoolExecutor$Worker.run(ThreadPoolExecutor.java:628)
at java.base/java.lang.Thread.run(Thread.java:834)
]]>
            </full-stacktrace>
          </exception> <!-- org.openqa.selenium.ElementClickInterceptedException -->
          <reporter-output>
          </reporter-output>
        </test-method> <!-- submitOrder -->
        <test-method is-config="true" signature="tearDown()[pri:0, instance:AutomationFramework.tests.submitOrderTest@4b23c30a]" started-at="2024-12-24T10:51:05 IST" name="tearDown" finished-at="2024-12-24T10:51:07 IST" duration-ms="2113" status="PASS">
          <reporter-output>
          </reporter-output>
        </test-method> <!-- tearDown -->
        <test-method is-config="true" signature="launchApplication()[pri:0, instance:AutomationFramework.tests.submitOrderTest@4b23c30a]" started-at="2024-12-24T10:51:07 IST" name="launchApplication" finished-at="2024-12-24T10:51:17 IST" duration-ms="9809" status="PASS">
          <reporter-output>
          </reporter-output>
        </test-method> <!-- launchApplication -->
        <test-method signature="submitOrder(java.util.HashMap)[pri:0, instance:AutomationFramework.tests.submitOrderTest@4b23c30a]" started-at="2024-12-24T10:51:17 IST" name="submitOrder" data-provider="getData" finished-at="2024-12-24T10:51:21 IST" duration-ms="4382" status="PASS">
          <params>
            <param index="0">
              <value>
                <![CDATA[{password=Vikas@98, product=ZARA COAT 3, email=vikassikarwar427@gmail.com}]]>
              </value>
            </param>
          </params>
          <reporter-output>
          </reporter-output>
        </test-method> <!-- submitOrder -->
        <test-method is-config="true" signature="tearDown()[pri:0, instance:AutomationFramework.tests.submitOrderTest@4b23c30a]" started-at="2024-12-24T10:51:21 IST" name="tearDown" finished-at="2024-12-24T10:51:21 IST" duration-ms="214" status="PASS">
          <reporter-output>
          </reporter-output>
        </test-method> <!-- tearDown -->
        <test-method is-config="true" signature="launchApplication()[pri:0, instance:AutomationFramework.tests.submitOrderTest@4b23c30a]" started-at="2024-12-24T10:51:21 IST" name="launchApplication" finished-at="2024-12-24T10:51:29 IST" duration-ms="7300" status="PASS">
          <reporter-output>
          </reporter-output>
        </test-method> <!-- launchApplication -->
        <test-method signature="submitOrder(java.util.HashMap)[pri:0, instance:AutomationFramework.tests.submitOrderTest@4b23c30a]" started-at="2024-12-24T10:51:29 IST" name="submitOrder" data-provider="getData" finished-at="2024-12-24T10:51:32 IST" duration-ms="3384" status="PASS">
          <params>
            <param index="0">
              <value>
                <![CDATA[{password=Varun@98, product=ADIDAS ORIGINAL, email=varunchouhan430@gmail.com}]]>
              </value>
            </param>
          </params>
          <reporter-output>
          </reporter-output>
        </test-method> <!-- submitOrder -->
        <test-method is-config="true" signature="tearDown()[pri:0, instance:AutomationFramework.tests.submitOrderTest@4b23c30a]" started-at="2024-12-24T10:51:32 IST" name="tearDown" finished-at="2024-12-24T10:51:32 IST" duration-ms="459" status="PASS">
          <reporter-output>
          </reporter-output>
        </test-method> <!-- tearDown -->
        <test-method is-config="true" signature="launchApplication()[pri:0, instance:AutomationFramework.tests.submitOrderTest@4b23c30a]" started-at="2024-12-24T10:51:32 IST" name="launchApplication" finished-at="2024-12-24T10:51:42 IST" duration-ms="9634" status="PASS">
          <reporter-output>
          </reporter-output>
        </test-method> <!-- launchApplication -->
        <test-method signature="orderHistoryTest()[pri:0, instance:AutomationFramework.tests.submitOrderTest@4b23c30a]" started-at="2024-12-24T10:51:42 IST" name="orderHistoryTest" finished-at="2024-12-24T10:51:43 IST" depends-on-methods="AutomationFramework.tests.submitOrderTest.submitOrder" duration-ms="745" status="PASS">
          <reporter-output>
          </reporter-output>
        </test-method> <!-- orderHistoryTest -->
        <test-method is-config="true" signature="tearDown()[pri:0, instance:AutomationFramework.tests.submitOrderTest@4b23c30a]" started-at="2024-12-24T10:51:43 IST" name="tearDown" finished-at="2024-12-24T10:51:43 IST" duration-ms="544" status="PASS">
          <reporter-output>
          </reporter-output>
        </test-method> <!-- tearDown -->
      </class> <!-- AutomationFramework.tests.submitOrderTest -->
    </test> <!-- Submit Order Test -->
  </suite> <!-- Suite -->
</testng-results>
